<?xml version="1.0" encoding="UTF-8"?>
<testsuite xmlns:xsi="http://www.w3.org/2001/XMLSchema-instance" xsi:noNamespaceSchemaLocation="https://maven.apache.org/surefire/maven-surefire-plugin/xsd/surefire-test-report.xsd" name="demo.SequenceIteratorTest" time="0.148" tests="1" errors="1" skipped="0" failures="0">
  <properties>
    <property name="sun.desktop" value="gnome"/>
    <property name="awt.toolkit" value="sun.awt.X11.XToolkit"/>
    <property name="java.specification.version" value="11"/>
    <property name="sun.cpu.isalist" value=""/>
    <property name="sun.jnu.encoding" value="UTF-8"/>
    <property name="java.class.path" value="/home/acastro/Documentos/Ejercicios/java/target/test-classes:/home/acastro/Documentos/Ejercicios/java/target/classes:/home/acastro/.m2/repository/junit/junit/4.11/junit-4.11.jar:/home/acastro/.m2/repository/org/hamcrest/hamcrest-core/1.3/hamcrest-core-1.3.jar:/home/acastro/.m2/repository/org/ehcache/ehcache/3.1.3/ehcache-3.1.3.jar:/home/acastro/.m2/repository/org/slf4j/slf4j-api/1.7.5/slf4j-api-1.7.5.jar:/home/acastro/.m2/repository/org/slf4j/slf4j-log4j12/1.7.5/slf4j-log4j12-1.7.5.jar:/home/acastro/.m2/repository/log4j/log4j/1.2.17/log4j-1.2.17.jar:"/>
    <property name="java.vm.vendor" value="Oracle Corporation"/>
    <property name="sun.arch.data.model" value="64"/>
    <property name="java.vendor.url" value="https://openjdk.java.net/"/>
    <property name="user.timezone" value=""/>
    <property name="java.vm.specification.version" value="11"/>
    <property name="os.name" value="Linux"/>
    <property name="sun.java.launcher" value="SUN_STANDARD"/>
    <property name="user.country" value="AR"/>
    <property name="sun.boot.library.path" value="/home/acastro/.sdkman/candidates/java/11.0.12-open/lib"/>
    <property name="sun.java.command" value="/home/acastro/Documentos/Ejercicios/java/target/surefire/surefirebooter8325832037299836045.jar /home/acastro/Documentos/Ejercicios/java/target/surefire 2023-01-11T17-50-23_274-jvmRun1 surefire1047226904004295129tmp surefire_016904897733357620828tmp"/>
    <property name="jdk.debug" value="release"/>
    <property name="surefire.test.class.path" value="/home/acastro/Documentos/Ejercicios/java/target/test-classes:/home/acastro/Documentos/Ejercicios/java/target/classes:/home/acastro/.m2/repository/junit/junit/4.11/junit-4.11.jar:/home/acastro/.m2/repository/org/hamcrest/hamcrest-core/1.3/hamcrest-core-1.3.jar:/home/acastro/.m2/repository/org/ehcache/ehcache/3.1.3/ehcache-3.1.3.jar:/home/acastro/.m2/repository/org/slf4j/slf4j-api/1.7.5/slf4j-api-1.7.5.jar:/home/acastro/.m2/repository/org/slf4j/slf4j-log4j12/1.7.5/slf4j-log4j12-1.7.5.jar:/home/acastro/.m2/repository/log4j/log4j/1.2.17/log4j-1.2.17.jar:"/>
    <property name="sun.cpu.endian" value="little"/>
    <property name="user.home" value="/home/acastro"/>
    <property name="user.language" value="es"/>
    <property name="java.specification.vendor" value="Oracle Corporation"/>
    <property name="java.version.date" value="2021-07-20"/>
    <property name="java.home" value="/home/acastro/.sdkman/candidates/java/11.0.12-open"/>
    <property name="file.separator" value="/"/>
    <property name="basedir" value="/home/acastro/Documentos/Ejercicios/java"/>
    <property name="java.vm.compressedOopsMode" value="Zero based"/>
    <property name="line.separator" value="&#10;"/>
    <property name="java.specification.name" value="Java Platform API Specification"/>
    <property name="java.vm.specification.vendor" value="Oracle Corporation"/>
    <property name="java.awt.graphicsenv" value="sun.awt.X11GraphicsEnvironment"/>
    <property name="surefire.real.class.path" value="/home/acastro/Documentos/Ejercicios/java/target/surefire/surefirebooter8325832037299836045.jar"/>
    <property name="sun.management.compiler" value="HotSpot 64-Bit Tiered Compilers"/>
    <property name="java.runtime.version" value="11.0.12+7"/>
    <property name="user.name" value="acastro"/>
    <property name="path.separator" value=":"/>
    <property name="os.version" value="5.14.0-1055-oem"/>
    <property name="java.runtime.name" value="OpenJDK Runtime Environment"/>
    <property name="file.encoding" value="UTF-8"/>
    <property name="java.vm.name" value="OpenJDK 64-Bit Server VM"/>
    <property name="java.vendor.version" value="18.9"/>
    <property name="localRepository" value="/home/acastro/.m2/repository"/>
    <property name="java.vendor.url.bug" value="https://bugreport.java.com/bugreport/"/>
    <property name="java.io.tmpdir" value="/tmp"/>
    <property name="java.version" value="11.0.12"/>
    <property name="user.dir" value="/home/acastro/Documentos/Ejercicios/java"/>
    <property name="os.arch" value="amd64"/>
    <property name="java.vm.specification.name" value="Java Virtual Machine Specification"/>
    <property name="java.awt.printerjob" value="sun.print.PSPrinterJob"/>
    <property name="sun.os.patch.level" value="unknown"/>
    <property name="java.library.path" value="/usr/java/packages/lib:/usr/lib64:/lib64:/lib:/usr/lib"/>
    <property name="java.vm.info" value="mixed mode"/>
    <property name="java.vendor" value="Oracle Corporation"/>
    <property name="java.vm.version" value="11.0.12+7"/>
    <property name="sun.io.unicode.encoding" value="UnicodeLittle"/>
    <property name="java.class.version" value="55.0"/>
  </properties>
  <testcase name="sequenceIteratorSobreMultiplesSecuencias" classname="demo.SequenceIteratorTest" time="0.121">
    <error type="java.lang.NullPointerException">java.lang.NullPointerException
	at demo.SequenceIteratorTest.sequenceIteratorSobreMultiplesSecuencias(SequenceIteratorTest.java:31)
</error>
    <system-err><![CDATA[log4j:WARN No appenders could be found for logger (org.ehcache.impl.persistence.DefaultLocalPersistenceService).
log4j:WARN Please initialize the log4j system properly.
log4j:WARN See http://logging.apache.org/log4j/1.2/faq.html#noconfig for more info.
org.ehcache.StateTransitionException: Cache 'persistent-cache' creation in EhcacheManager failed.
	at org.ehcache.core.StatusTransitioner$Transition.failed(StatusTransitioner.java:235)
	at org.ehcache.core.EhcacheManager.init(EhcacheManager.java:585)
	at org.ehcache.config.builders.CacheManagerBuilder.build(CacheManagerBuilder.java:72)
	at demo.EHCacheManager.<init>(EHCacheManager.java:38)
	at demo.EHCacheManager.getManejador(EHCacheManager.java:51)
	at demo.SequenceIterator.<init>(SequenceIterator.java:12)
	at demo.SequenceIteratorTest.sequenceIteratorSobreMultiplesSecuencias(SequenceIteratorTest.java:31)
	at java.base/jdk.internal.reflect.NativeMethodAccessorImpl.invoke0(Native Method)
	at java.base/jdk.internal.reflect.NativeMethodAccessorImpl.invoke(NativeMethodAccessorImpl.java:62)
	at java.base/jdk.internal.reflect.DelegatingMethodAccessorImpl.invoke(DelegatingMethodAccessorImpl.java:43)
	at java.base/java.lang.reflect.Method.invoke(Method.java:566)
	at org.junit.runners.model.FrameworkMethod$1.runReflectiveCall(FrameworkMethod.java:47)
	at org.junit.internal.runners.model.ReflectiveCallable.run(ReflectiveCallable.java:12)
	at org.junit.runners.model.FrameworkMethod.invokeExplosively(FrameworkMethod.java:44)
	at org.junit.internal.runners.statements.InvokeMethod.evaluate(InvokeMethod.java:17)
	at org.junit.internal.runners.statements.RunAfters.evaluate(RunAfters.java:27)
	at org.junit.runners.ParentRunner.runLeaf(ParentRunner.java:271)
	at org.junit.runners.BlockJUnit4ClassRunner.runChild(BlockJUnit4ClassRunner.java:70)
	at org.junit.runners.BlockJUnit4ClassRunner.runChild(BlockJUnit4ClassRunner.java:50)
	at org.junit.runners.ParentRunner$3.run(ParentRunner.java:238)
	at org.junit.runners.ParentRunner$1.schedule(ParentRunner.java:63)
	at org.junit.runners.ParentRunner.runChildren(ParentRunner.java:236)
	at org.junit.runners.ParentRunner.access$000(ParentRunner.java:53)
	at org.junit.runners.ParentRunner$2.evaluate(ParentRunner.java:229)
	at org.junit.runners.ParentRunner.run(ParentRunner.java:309)
	at org.apache.maven.surefire.junit4.JUnit4Provider.execute(JUnit4Provider.java:365)
	at org.apache.maven.surefire.junit4.JUnit4Provider.executeWithRerun(JUnit4Provider.java:273)
	at org.apache.maven.surefire.junit4.JUnit4Provider.executeTestSet(JUnit4Provider.java:238)
	at org.apache.maven.surefire.junit4.JUnit4Provider.invoke(JUnit4Provider.java:159)
	at org.apache.maven.surefire.booter.ForkedBooter.invokeProviderInSameClassLoader(ForkedBooter.java:384)
	at org.apache.maven.surefire.booter.ForkedBooter.runSuitesInProcess(ForkedBooter.java:345)
	at org.apache.maven.surefire.booter.ForkedBooter.execute(ForkedBooter.java:126)
	at org.apache.maven.surefire.booter.ForkedBooter.main(ForkedBooter.java:418)
Caused by: java.lang.IllegalStateException: Cache 'persistent-cache' creation in EhcacheManager failed.
	at org.ehcache.core.EhcacheManager.createCache(EhcacheManager.java:285)
	at org.ehcache.core.EhcacheManager.init(EhcacheManager.java:564)
	... 31 more
Caused by: java.lang.RuntimeException: org.ehcache.spi.serialization.UnsupportedTypeException: No serializer found for type 'java.util.Iterator'
	at org.ehcache.core.EhcacheManager.getStore(EhcacheManager.java:473)
	at org.ehcache.core.EhcacheManager.createNewEhcache(EhcacheManager.java:308)
	at org.ehcache.core.EhcacheManager.createCache(EhcacheManager.java:257)
	... 32 more
Caused by: org.ehcache.spi.serialization.UnsupportedTypeException: No serializer found for type 'java.util.Iterator'
	at org.ehcache.impl.internal.spi.serialization.DefaultSerializationProvider$AbstractProvider.getClassFor(DefaultSerializationProvider.java:276)
	at org.ehcache.impl.internal.spi.serialization.DefaultSerializationProvider$PersistentProvider.createSerializer(DefaultSerializationProvider.java:196)
	at org.ehcache.impl.internal.spi.serialization.DefaultSerializationProvider$AbstractProvider.createValueSerializer(DefaultSerializationProvider.java:254)
	at org.ehcache.impl.internal.spi.serialization.DefaultSerializationProvider.createValueSerializer(DefaultSerializationProvider.java:107)
	at org.ehcache.core.EhcacheManager.getStore(EhcacheManager.java:462)
	... 34 more
]]></system-err>
  </testcase>
</testsuite>